生成启动时间为 2019/6/28 9:40:40。
     1>项目“D:\源库\源代码\C   ++\暴躁粒子\暴躁粒子\暴躁粒子.vcxproj”在节点 2 上(build 个目标)。
     1>InitializeBuildStatus:
         正在创建“Debug\暴躁粒子.unsuccessfulbuild”，因为已指定“AlwaysCreate”。
       ClCompile:
         F:\Vs2010\VC\bin\CL.exe /c /ZI /nologo /W3 /WX- /Od /Oy- /D WIN32 /D _DEBUG /D _CONSOLE /D _UNICODE /D UNICODE /Gm /EHsc /RTC1 /MDd /GS /fp:precise /Zc:wchar_t /Zc:forScope /Fo"Debug\\" /Fd"Debug\vc100.pdb" /Gd /TP /analyze- /errorReport:prompt "..\暴躁粒子.cpp"
         暴躁粒子.cpp
     1>d:\源库\源代码\c   ++\暴躁粒子\暴躁粒子.cpp(58): warning C4244: “=”: 从“int”转换到“float”，可能丢失数据
     1>d:\源库\源代码\c   ++\暴躁粒子\暴躁粒子.cpp(59): warning C4244: “=”: 从“int”转换到“float”，可能丢失数据
     1>d:\源库\源代码\c   ++\暴躁粒子\暴躁粒子.cpp(62): warning C4244: “=”: 从“double”转换到“float”，可能丢失数据
     1>d:\源库\源代码\c   ++\暴躁粒子\暴躁粒子.cpp(92): warning C4305: “初始化”: 从“double”到“float”截断
     1>d:\源库\源代码\c   ++\暴躁粒子\暴躁粒子.cpp(1469): warning C4018: “<”: 有符号/无符号不匹配
     1>d:\源库\源代码\c   ++\暴躁粒子\暴躁粒子.cpp(1574): warning C4996: 'scanf': This function or variable may be unsafe. Consider using scanf_s instead. To disable deprecation, use _CRT_SECURE_NO_WARNINGS. See online help for details.
                 f:\vs2010\vc\include\stdio.h(304) : 参见“scanf”的声明
     1>d:\源库\源代码\c   ++\暴躁粒子\暴躁粒子.cpp(1670): warning C4996: 'scanf': This function or variable may be unsafe. Consider using scanf_s instead. To disable deprecation, use _CRT_SECURE_NO_WARNINGS. See online help for details.
                 f:\vs2010\vc\include\stdio.h(304) : 参见“scanf”的声明
     1>d:\源库\源代码\c   ++\暴躁粒子\暴躁粒子.cpp(1716): warning C4996: 'scanf': This function or variable may be unsafe. Consider using scanf_s instead. To disable deprecation, use _CRT_SECURE_NO_WARNINGS. See online help for details.
                 f:\vs2010\vc\include\stdio.h(304) : 参见“scanf”的声明
       ManifestResourceCompile:
         所有输出均为最新。
       Link:
         F:\Vs2010\VC\bin\link.exe /ERRORREPORT:PROMPT /OUT:"D:\源库\源代码\C   ++\暴躁粒子\Debug\暴躁粒子.exe" /INCREMENTAL /NOLOGO kernel32.lib user32.lib gdi32.lib winspool.lib comdlg32.lib advapi32.lib shell32.lib ole32.lib oleaut32.lib uuid.lib odbc32.lib odbccp32.lib /MANIFEST /ManifestFile:"Debug\暴躁粒子.exe.intermediate.manifest" /MANIFESTUAC:"level='asInvoker' uiAccess='false'" /DEBUG /PDB:"D:\源库\源代码\C   ++\暴躁粒子\Debug\暴躁粒子.pdb" /SUBSYSTEM:CONSOLE /TLBID:1 /DYNAMICBASE /NXCOMPAT /IMPLIB:"D:\源库\源代码\C   ++\暴躁粒子\Debug\暴躁粒子.lib" /MACHINE:X86 "Debug\暴躁粒子.exe.embed.manifest.res"
         "Debug\暴躁粒子.obj"
       Manifest:
         C:\Program Files (x86)\Microsoft SDKs\Windows\v7.0A\bin\mt.exe /nologo /verbose /out:"Debug\暴躁粒子.exe.embed.manifest" /manifest "Debug\暴躁粒子.exe.intermediate.manifest"
         所有输出均为最新。
       LinkEmbedManifest:
         所有输出均为最新。
         暴躁粒子.vcxproj -> D:\源库\源代码\C   ++\暴躁粒子\Debug\暴躁粒子.exe
       FinalizeBuildStatus:
         正在删除文件“Debug\暴躁粒子.unsuccessfulbuild”。
         正在对“Debug\暴躁粒子.lastbuildstate”执行 Touch 任务。
     1>已完成生成项目“D:\源库\源代码\C   ++\暴躁粒子\暴躁粒子\暴躁粒子.vcxproj”(build 个目标)的操作。

生成成功。

已用时间 00:00:01.24
